Base path: '/home/serverok/Unity/Hub/Editor/2019.4.38f1/Editor/Data', plugins path '/home/serverok/Unity/Hub/Editor/2019.4.38f1/Editor/Data/PlaybackEngines'
Cmd: initializeCompiler
Cmd: compileComputeKernel
  api=15 insize=18337 outsize=16532 ok=1
Cmd: compileComputeKernel
  api=15 insize=18337 outsize=16878 ok=1
Cmd: compileComputeKernel
  api=15 insize=18337 outsize=16386 ok=1
Cmd: compileComputeKernel
  api=15 insize=18337 outsize=24982 ok=1
Cmd: compileComputeKernel
  api=15 insize=18337 outsize=25716 ok=1
Cmd: compileComputeKernel
  api=18 insize=18337 outsize=32670 ok=1
Cmd: compileComputeKernel
  api=18 insize=18337 outsize=33049 ok=1
Cmd: compileComputeKernel
  api=18 insize=18337 outsize=34381 ok=1
Cmd: compileComputeKernel
  api=18 insize=18337 outsize=56090 ok=1
Cmd: compileComputeKernel
  api=18 insize=18337 outsize=56695 ok=1
Cmd: compileComputeKernel
  api=15 insize=1230 outsize=2229 ok=1
Cmd: compileComputeKernel
  api=18 insize=1230 outsize=3324 ok=1
Cmd: compileComputeKernel
  api=15 insize=1562 outsize=1892 ok=1
Cmd: compileComputeKernel
  api=18 insize=1562 outsize=6787 ok=1
Cmd: compileComputeKernel
  api=15 insize=5017 outsize=18640 ok=1
Cmd: compileComputeKernel
  api=18 insize=5017 outsize=15628 ok=1
Cmd: compileComputeKernel
  api=18 insize=5017 outsize=38014 ok=1
Cmd: compileComputeKernel
  api=15 insize=1914 outsize=3833 ok=1
Cmd: compileComputeKernel
  api=18 insize=1914 outsize=6517 ok=1
Cmd: compileComputeKernel
  api=15 insize=3190 outsize=83531 ok=1
Cmd: compileComputeKernel
  api=18 insize=3190 outsize=198943 ok=1
Cmd: compileComputeKernel
  api=15 insize=10935 outsize=18224 ok=1
Cmd: compileComputeKernel
  api=15 insize=10935 outsize=22210 ok=1
Cmd: compileComputeKernel
  api=18 insize=10935 outsize=40108 ok=1
Cmd: compileComputeKernel
  api=18 insize=10935 outsize=48021 ok=1
Cmd: compileComputeKernel
  api=15 insize=2098 outsize=2120 ok=1
Cmd: compileComputeKernel
  api=18 insize=2098 outsize=4124 ok=1
Cmd: compileComputeKernel
  api=15 insize=2167 outsize=1026 ok=1
Cmd: compileComputeKernel
  api=18 insize=2167 outsize=7107 ok=1
Cmd: compileComputeKernel
  api=15 insize=3450 outsize=5398 ok=1
Cmd: compileComputeKernel
  api=18 insize=3450 outsize=9805 ok=1
Cmd: compileComputeKernel
  api=15 insize=3246 outsize=3419 ok=1
Cmd: compileComputeKernel
  api=18 insize=3246 outsize=5636 ok=1
Cmd: compileComputeKernel
  api=18 insize=5489 outsize=24933 ok=1
Unhandled exception: Read from shader compiler process failed: error -2147483644, 0/4 bytes read

Quitting shader compiler process
